<?xml version="1.0" encoding="UTF-8"?>
<testsuite xmlns:xsi="http://www.w3.org/2001/XMLSchema-instance" xsi:schemaLocation="https://maven.apache.org/surefire/maven-surefire-plugin/xsd/surefire-test-report.xsd" name="com.tekarch.runner.Runner" time="29.268" tests="0" errors="0" skipped="0" failures="0">
  <properties>
    <property name="JOB_NAME" value="CucumberDemo"/>
    <property name="java.vendor" value="Oracle Corporation"/>
    <property name="RUN_TESTS_DISPLAY_URL" value="http://localhost:8080/job/CucumberDemo/3/display/redirect?page=tests"/>
    <property name="sun.java.launcher" value="SUN_STANDARD"/>
    <property name="sun.management.compiler" value="HotSpot 64-Bit Tiered Compilers"/>
    <property name="JENKINS_HOME" value="/Users/anu/.jenkins"/>
    <property name="PATH" value="/Library/Java/JavaVirtualMachines/jdk-12.0.2.jdk/Contents/Home/bin:/usr/bin:/bin:/usr/sbin:/sbin"/>
    <property name="HUDSON_SERVER_COOKIE" value="2525899e0e65fd3c"/>
    <property name="POM_ARTIFACTID" value="Cucumber"/>
    <property name="os.name" value="Mac OS X"/>
    <property name="EXECUTOR_NUMBER" value="0"/>
    <property name="java.vm.specification.vendor" value="Oracle Corporation"/>
    <property name="POM_DISPLAYNAME" value="Cucumber"/>
    <property name="NODE_LABELS" value="built-in"/>
    <property name="java.runtime.version" value="12.0.2+10"/>
    <property name="JAVA_MAIN_CLASS_56685" value="Main"/>
    <property name="user.name" value="anu"/>
    <property name="guice.disable.misplaced.annotation.check" value="true"/>
    <property name="user.language" value="en"/>
    <property name="JOB_BASE_NAME" value="CucumberDemo"/>
    <property name="RUN_CHANGES_DISPLAY_URL" value="http://localhost:8080/job/CucumberDemo/3/display/redirect?page=changes"/>
    <property name="BUILD_DISPLAY_NAME" value="#3"/>
    <property name="TMPDIR" value="/var/folders/tl/45kd3cgd7071dmf6mj19fbr40000gn/T/"/>
    <property name="sun.boot.library.path" value="/Library/Java/JavaVirtualMachines/jdk-12.0.2.jdk/Contents/Home/lib"/>
    <property name="java.vm.compressedOopsMode" value="Zero based"/>
    <property name="java.version" value="12.0.2"/>
    <property name="XPC_FLAGS" value="0x0"/>
    <property name="user.timezone" value="America/Los_Angeles"/>
    <property name="sun.arch.data.model" value="64"/>
    <property name="NODE_NAME" value="built-in"/>
    <property name="http.nonProxyHosts" value="local|*.local|169.254/16|*.169.254/16"/>
    <property name="BUILD_ID" value="3"/>
    <property name="sun.jnu.encoding" value="UTF-8"/>
    <property name="SHELL" value="/bin/zsh"/>
    <property name="file.separator" value="/"/>
    <property name="java.specification.name" value="Java Platform API Specification"/>
    <property name="maven.conf" value="/Users/anu/Software/apache-maven-3.8.4/conf"/>
    <property name="java.class.version" value="56.0"/>
    <property name="org.slf4j.simpleLogger.defaultLogLevel" value="info"/>
    <property name="user.country" value="GB"/>
    <property name="java.home" value="/Library/Java/JavaVirtualMachines/jdk-12.0.2.jdk/Contents/Home"/>
    <property name="java.vm.info" value="mixed mode, sharing"/>
    <property name="os.version" value="10.16"/>
    <property name="RUN_DISPLAY_URL" value="http://localhost:8080/job/CucumberDemo/3/display/redirect"/>
    <property name="POM_VERSION" value="0.0.1-SNAPSHOT"/>
    <property name="sun.font.fontmanager" value="sun.font.CFontManager"/>
    <property name="path.separator" value=":"/>
    <property name="RUN_ARTIFACTS_DISPLAY_URL" value="http://localhost:8080/job/CucumberDemo/3/display/redirect?page=artifacts"/>
    <property name="java.vm.version" value="12.0.2+10"/>
    <property name="JOB_DISPLAY_URL" value="http://localhost:8080/job/CucumberDemo/display/redirect"/>
    <property name="JAVA_HOME" value="/Library/Java/JavaVirtualMachines/jdk-12.0.2.jdk/Contents/Home"/>
    <property name="sun.io.unicode.encoding" value="UnicodeBig"/>
    <property name="awt.toolkit" value="sun.lwawt.macosx.LWCToolkit"/>
    <property name="LOGNAME" value="anu"/>
    <property name="POM_PACKAGING" value="jar"/>
    <property name="socksNonProxyHosts" value="local|*.local|169.254/16|*.169.254/16"/>
    <property name="HOME" value="/Users/anu"/>
    <property name="ftp.nonProxyHosts" value="local|*.local|169.254/16|*.169.254/16"/>
    <property name="POM_GROUPID" value="com.tekarch.Cucumber"/>
    <property name="user.home" value="/Users/anu"/>
    <property name="BUILD_TAG" value="jenkins-CucumberDemo-3"/>
    <property name="JENKINS_SERVER_COOKIE" value="2525899e0e65fd3c"/>
    <property name="XPC_SERVICE_NAME" value="homebrew.mxcl.jenkins"/>
    <property name="HUDSON_URL" value="http://localhost:8080/"/>
    <property name="java.version.date" value="2019-07-16"/>
    <property name="java.specification.vendor" value="Oracle Corporation"/>
    <property name="CLASSPATH" value=""/>
    <property name="java.library.path" value="/Users/anu/Library/Java/Extensions:/Library/Java/Extensions:/Network/Library/Java/Extensions:/System/Library/Java/Extensions:/usr/lib/java:."/>
    <property name="java.vendor.url" value="https://java.oracle.com/"/>
    <property name="java.vm.vendor" value="Oracle Corporation"/>
    <property name="java.runtime.name" value="Java(TM) SE Runtime Environment"/>
    <property name="maven.home" value="/Users/anu/Software/apache-maven-3.8.4"/>
    <property name="sun.java.command" value="jenkins.maven3.agent.Maven35Main /Users/anu/Software/apache-maven-3.8.4 /Users/anu/.jenkins/war/WEB-INF/lib/remoting-4.13.jar /Users/anu/.jenkins/plugins/maven-plugin/WEB-INF/lib/maven35-interceptor-1.13.jar /Users/anu/.jenkins/plugins/maven-plugin/WEB-INF/lib/maven3-interceptor-commons-1.13.jar 53112"/>
    <property name="java.class.path" value="/Users/anu/.jenkins/plugins/maven-plugin/WEB-INF/lib/maven35-agent-1.13.jar:/Users/anu/Software/apache-maven-3.8.4/boot/plexus-classworlds-2.6.0.jar:/Users/anu/Software/apache-maven-3.8.4/conf/logging"/>
    <property name="jdk.debug" value="release"/>
    <property name="java.vm.specification.name" value="Java Virtual Machine Specification"/>
    <property name="jansi.mode" value="strip"/>
    <property name="PATH+JDK" value="/Library/Java/JavaVirtualMachines/jdk-12.0.2.jdk/Contents/Home/bin"/>
    <property name="java.vm.specification.version" value="12"/>
    <property name="M2_HOME" value="/Users/anu/Software/apache-maven-3.8.4"/>
    <property name="sun.cpu.endian" value="little"/>
    <property name="CI" value="true"/>
    <property name="java.io.tmpdir" value="/var/folders/tl/45kd3cgd7071dmf6mj19fbr40000gn/T/"/>
    <property name="HUDSON_HOME" value="/Users/anu/.jenkins"/>
    <property name="PATH+MAVEN" value="/Users/anu/Software/apache-maven-3.8.4/bin"/>
    <property name="java.vendor.url.bug" value="https://bugreport.java.com/bugreport/"/>
    <property name="BUILD_URL" value="http://localhost:8080/job/CucumberDemo/3/"/>
    <property name="SSH_AUTH_SOCK" value="/private/tmp/com.apple.launchd.wa3dygr7RR/Listeners"/>
    <property name="os.arch" value="x86_64"/>
    <property name="java.awt.graphicsenv" value="sun.awt.CGraphicsEnvironment"/>
    <property name="__CF_USER_TEXT_ENCODING" value="0x1F5:0:2"/>
    <property name="user.dir" value="/Users/anu/eclipse-workspace/Cucumber"/>
    <property name="JOB_URL" value="http://localhost:8080/job/CucumberDemo/"/>
    <property name="MAVEN_HOME" value="/Users/anu/Software/apache-maven-3.8.4"/>
    <property name="line.separator" value="&#10;"/>
    <property name="java.vm.name" value="Java HotSpot(TM) 64-Bit Server VM"/>
    <property name="BUILD_NUMBER" value="3"/>
    <property name="JENKINS_URL" value="http://localhost:8080/"/>
    <property name="file.encoding" value="UTF-8"/>
    <property name="maven3.interceptor" value="/Users/anu/.jenkins/plugins/maven-plugin/WEB-INF/lib/maven35-interceptor-1.13.jar"/>
    <property name="WORKSPACE_TMP" value="/Users/anu/.jenkins/workspace/CucumberDemo@tmp"/>
    <property name="WORKSPACE" value="/Users/anu/.jenkins/workspace/CucumberDemo"/>
    <property name="maven3.interceptor.common" value="/Users/anu/.jenkins/plugins/maven-plugin/WEB-INF/lib/maven3-interceptor-commons-1.13.jar"/>
    <property name="java.specification.version" value="12"/>
    <property name="USER" value="anu"/>
  </properties>
</testsuite>